start
preparing nbodykit
done with preparing nbodykit
making jack 0
start making power
start writing power
making jack 1
start making power
start writing power
making jack 2
start making power
start writing power
making jack 3
start making power
start writing power
making jack 4
start making power
start writing power
making jack 5
start making power
start writing power
making jack 6
start making power
start writing power
making jack 7
start making power
start writing power
making jack 8
start making power
start writing power
making jack 9
start making power
start writing power
making jack 10
start making power
start writing power
making jack 11
start making power
start writing power
making jack 12
start making power
start writing power
making jack 13
start making power
start writing power
making jack 14
start making power
start writing power
making jack 15
start making power
start writing power
making jack 16
start making power
start writing power
making jack 17
start making power
start writing power
making jack 18
start making power
start writing power
making jack 19
start making power
start writing power
making jack 20
start making power
start writing power
making jack 21
start making power
start writing power
making jack 22
start making power
start writing power
making jack 23
start making power
start writing power
making jack 24
start making power
start writing power
making jack 25
start making power
start writing power
making jack 26
start making power
start writing power
making jack 27
start making power
start writing power
making jack 28
start making power
start writing power
making jack 29
start making power
start writing power
making jack 30
start making power
start writing power
making jack 31
start making power
start writing power
making jack 32
start making power
start writing power
making jack 33
start making power
start writing power
making jack 34
start making power
start writing power
making jack 35
start making power
start writing power
making jack 36
start making power
start writing power
making jack 37
start making power
start writing power
making jack 38
start making power
start writing power
making jack 39
start making power
start writing power
making jack 40
start making power
start writing power
making jack 41
start making power
start writing power
making jack 42
start making power
start writing power
making jack 43
start making power
start writing power
making jack 44
start making power
start writing power
making jack 45
start making power
start writing power
making jack 46
start making power
start writing power
making jack 47
start making power
start writing power
making jack 48
start making power
start writing power
making jack 49
start making power
start writing power
making jack 50
start making power
start writing power
making jack 51
start making power
start writing power
making jack 52
start making power
start writing power
making jack 53
start making power
start writing power
making jack 54
start making power
start writing power
making jack 55
start making power
start writing power
making jack 56
start making power
start writing power
making jack 57
start making power
start writing power
making jack 58
start making power
start writing power
making jack 59
start making power
start writing power
making jack 60
start making power
start writing power
making jack 61
start making power
start writing power
making jack 62
start making power
start writing power
making jack 63
start making power
start writing power
making jack 64
start making power
start writing power
making jack 65
start making power
start writing power
making jack 66
start making power
start writing power
making jack 67
start making power
start writing power
making jack 68
start making power
start writing power
making jack 69
start making power
start writing power
making jack 70
start making power
start writing power
making jack 71
start making power
start writing power
making jack 72
start making power
start writing power
making jack 73
start making power
start writing power
making jack 74
start making power
start writing power
making jack 75
start making power
start writing power
making jack 76
start making power
start writing power
making jack 77
start making power
start writing power
making jack 78
start making power
start writing power
making jack 79
start making power
start writing power
making jack 80
start making power
start writing power
making jack 81
start making power
start writing power
making jack 82
start making power
start writing power
making jack 83
start making power
start writing power
making jack 84
start making power
start writing power
making jack 85
start making power
start writing power
making jack 86
start making power
start writing power
making jack 87
start making power
start writing power
making jack 88
start making power
start writing power
making jack 89
start making power
start writing power
making jack 90
start making power
start writing power
making jack 91
start making power
start writing power
making jack 92
start making power
start writing power
making jack 93
start making power
start writing power
making jack 94
start making power
start writing power
making jack 95
start making power
start writing power
making jack 96
start making power
start writing power
making jack 97
start making power
start writing power
making jack 98
start making power
start writing power
making jack 99
start making power
start writing power
making jack 100
start making power
start writing power
making jack 101
start making power
start writing power
making jack 102
start making power
start writing power
making jack 103
start making power
start writing power
making jack 104
start making power
start writing power
making jack 105
start making power
start writing power
making jack 106
start making power
start writing power
making jack 107
start making power
start writing power
making jack 108
start making power
start writing power
making jack 109
start making power
start writing power
making jack 110
start making power
start writing power
making jack 111
start making power
start writing power
making jack 112
start making power
start writing power
making jack 113
start making power
start writing power
making jack 114
start making power
start writing power
making jack 115
start making power
start writing power
making jack 116
start making power
start writing power
making jack 117
start making power
start writing power
making jack 118
start making power
start writing power
making jack 119
start making power
start writing power
making jack 120
start making power
start writing power
making jack 121
start making power
start writing power
making jack 122
start making power
start writing power
making jack 123
start making power
start writing power
making jack 124
start making power
start writing power
making jack 125
start making power
start writing power
making jack 126
start making power
start writing power
making jack 127
start making power
start writing power
making jack 128
start making power
start writing power
making jack 129
start making power
start writing power
making jack 130
start making power
start writing power
making jack 131
start making power
start writing power
making jack 132
start making power
start writing power
making jack 133
start making power
start writing power
making jack 134
start making power
start writing power
making jack 135
start making power
start writing power
making jack 136
start making power
start writing power
making jack 137
start making power
start writing power
making jack 138
start making power
start writing power
making jack 139
start making power
start writing power
making jack 140
start making power
start writing power
making jack 141
start making power
start writing power
making jack 142
start making power
start writing power
making jack 143
start making power
start writing power
making jack 144
start making power
start writing power
making jack 145
start making power
start writing power
making jack 146
start making power
start writing power
making jack 147
start making power
start writing power
making jack 148
start making power
start writing power
making jack 149
start making power
start writing power
making jack 150
start making power
start writing power
making jack 151
start making power
start writing power
making jack 152
start making power
start writing power
making jack 153
start making power
start writing power
making jack 154
start making power
start writing power
making jack 155
start making power
start writing power
making jack 156
start making power
start writing power
making jack 157
start making power
start writing power
making jack 158
start making power
start writing power
making jack 159
start making power
start writing power
making jack 160
start making power
start writing power
making jack 161
start making power
start writing power
making jack 162
start making power
start writing power
making jack 163
start making power
start writing power
making jack 164
start making power
start writing power
making jack 165
start making power
start writing power
making jack 166
start making power
start writing power
making jack 167
start making power
start writing power
making jack 168
start making power
start writing power
making jack 169
start making power
start writing power
making jack 170
start making power
start writing power
making jack 171
start making power
start writing power
making jack 172
start making power
start writing power
making jack 173
start making power
start writing power
making jack 174
start making power
start writing power
making jack 175
start making power
start writing power
making jack 176
start making power
start writing power
making jack 177
start making power
start writing power
making jack 178
start making power
start writing power
making jack 179
start making power
start writing power
making jack 180
start making power
start writing power
making jack 181
start making power
start writing power
making jack 182
start making power
start writing power
making jack 183
start making power
start writing power
making jack 184
start making power
start writing power
making jack 185
start making power
start writing power
making jack 186
start making power
start writing power
making jack 187
start making power
start writing power
making jack 188
start making power
start writing power
making jack 189
start making power
start writing power
making jack 190
start making power
start writing power
making jack 191
start making power
start writing power
making jack 192
start making power
start writing power
making jack 193
start making power
start writing power
making jack 194
start making power
start writing power
making jack 195
start making power
start writing power
making jack 196
start making power
start writing power
making jack 197
start making power
start writing power
making jack 198
start making power
start writing power
making jack 199
start making power
start writing power
making jack 200
start making power
start writing power
making jack 201
start making power
start writing power
making jack 202
start making power
start writing power
making jack 203
start making power
start writing power
making jack 204
start making power
start writing power
making jack 205
start making power
start writing power
making jack 206
start making power
start writing power
making jack 207
start making power
start writing power
making jack 208
start making power
start writing power
making jack 209
start making power
start writing power
making jack 210
start making power
start writing power
making jack 211
start making power
start writing power
making jack 212
start making power
start writing power
making jack 213
start making power
start writing power
making jack 214
start making power
start writing power
making jack 215
start making power
start writing power
making jack 216
start making power
start writing power
making jack 217
start making power
start writing power
making jack 218
start making power
start writing power
making jack 219
start making power
start writing power
making jack 220
start making power
start writing power
making jack 221
start making power
start writing power
making jack 222
start making power
start writing power
making jack 223
start making power
start writing power
making jack 224
start making power
start writing power
making jack 225
start making power
start writing power
making jack 226
start making power
start writing power
making jack 227
start making power
start writing power
making jack 228
start making power
start writing power
making jack 229
start making power
start writing power
making jack 230
start making power
start writing power
making jack 231
start making power
start writing power
making jack 232
start making power
start writing power
making jack 233
start making power
start writing power
making jack 234
start making power
start writing power
making jack 235
start making power
start writing power
making jack 236
start making power
start writing power
making jack 237
start making power
start writing power
making jack 238
start making power
start writing power
making jack 239
start making power
start writing power
making jack 240
start making power
start writing power
making jack 241
start making power
start writing power
making jack 242
start making power
start writing power
making jack 243
start making power
start writing power
making jack 244
start making power
start writing power
making jack 245
start making power
start writing power
making jack 246
start making power
start writing power
making jack 247
start making power
start writing power
making jack 248
start making power
start writing power
making jack 249
start making power
start writing power
making jack 250
start making power
start writing power
making jack 251
start making power
start writing power
making jack 252
start making power
start writing power
making jack 253
start making power
start writing power
making jack 254
start making power
start writing power
making jack 255
start making power
start writing power
making jack 256
start making power
start writing power
making jack 257
start making power
start writing power
making jack 258
start making power
start writing power
making jack 259
start making power
start writing power
making jack 260
start making power
start writing power
making jack 261
start making power
start writing power
making jack 262
start making power
start writing power
making jack 263
start making power
start writing power
making jack 264
start making power
start writing power
making jack 265
start making power
start writing power
making jack 266
start making power
start writing power
making jack 267
start making power
start writing power
making jack 268
start making power
start writing power
making jack 269
start making power
start writing power
making jack 270
start making power
start writing power
making jack 271
start making power
start writing power
making jack 272
start making power
start writing power
making jack 273
start making power
start writing power
making jack 274
start making power
start writing power
making jack 275
start making power
start writing power
making jack 276
start making power
start writing power
making jack 277
start making power
start writing power
making jack 278
start making power
start writing power
making jack 279
start making power
start writing power
making jack 280
start making power
start writing power
making jack 281
start making power
start writing power
making jack 282
start making power
start writing power
making jack 283
start making power
start writing power
making jack 284
start making power
start writing power
making jack 285
start making power
start writing power
making jack 286
start making power
start writing power
making jack 287
start making power
start writing power
making jack 288
start making power
start writing power
making jack 289
start making power
start writing power
making jack 290
start making power
start writing power
making jack 291
start making power
start writing power
making jack 292
start making power
start writing power
making jack 293
start making power
start writing power
making jack 294
start making power
start writing power
making jack 295
start making power
start writing power
making jack 296
start making power
start writing power
making jack 297
start making power
start writing power
making jack 298
start making power
start writing power
making jack 299
start making power
start writing power
making jack 300
start making power
start writing power
making jack 301
start making power
start writing power
making jack 302
start making power
start writing power
making jack 303
start making power
start writing power
making jack 304
start making power
start writing power
making jack 305
start making power
start writing power
making jack 306
start making power
start writing power
making jack 307
start making power
start writing power
making jack 308
start making power
start writing power
making jack 309
start making power
start writing power
making jack 310
start making power
start writing power
making jack 311
start making power
start writing power
making jack 312
start making power
start writing power
making jack 313
start making power
start writing power
making jack 314
start making power
start writing power
making jack 315
start making power
start writing power
making jack 316
start making power
start writing power
making jack 317
start making power
start writing power
making jack 318
start making power
start writing power
making jack 319
start making power
start writing power
making jack 320
start making power
start writing power
making jack 321
start making power
start writing power
making jack 322
start making power
start writing power
making jack 323
start making power
start writing power
making jack 324
start making power
start writing power
making jack 325
start making power
start writing power
making jack 326
start making power
start writing power
making jack 327
start making power
start writing power
making jack 328
start making power
start writing power
making jack 329
start making power
start writing power
making jack 330
start making power
start writing power
making jack 331
start making power
start writing power
making jack 332
start making power
start writing power
making jack 333
start making power
start writing power
making jack 334
start making power
start writing power
making jack 335
start making power
start writing power
making jack 336
start making power
start writing power
making jack 337
start making power
start writing power
making jack 338
start making power
start writing power
making jack 339
start making power
start writing power
making jack 340
start making power
start writing power
making jack 341
start making power
start writing power
making jack 342
start making power
start writing power
making jack 343
start making power
start writing power
making jack 344
start making power
start writing power
making jack 345
start making power
start writing power
making jack 346
start making power
start writing power
making jack 347
start making power
start writing power
making jack 348
start making power
start writing power
making jack 349
start making power
start writing power
making jack 350
start making power
start writing power
making jack 351
start making power
start writing power
making jack 352
start making power
start writing power
making jack 353
start making power
start writing power
making jack 354
start making power
start writing power
making jack 355
start making power
start writing power
making jack 356
start making power
start writing power
making jack 357
start making power
start writing power
making jack 358
start making power
start writing power
making jack 359
start making power
start writing power
making jack 360
start making power
start writing power
making jack 361
start making power
start writing power
making jack 362
start making power
start writing power
making jack 363
start making power
start writing power
making jack 364
start making power
start writing power
making jack 365
start making power
start writing power
making jack 366
start making power
start writing power
making jack 367
start making power
start writing power
making jack 368
start making power
start writing power
making jack 369
start making power
start writing power
making jack 370
start making power
start writing power
making jack 371
start making power
start writing power
making jack 372
start making power
start writing power
making jack 373
start making power
start writing power
making jack 374
start making power
start writing power
making jack 375
start making power
start writing power
making jack 376
start making power
start writing power
making jack 377
start making power
start writing power
making jack 378
start making power
start writing power
making jack 379
start making power
start writing power
making jack 380
start making power
start writing power
making jack 381
start making power
start writing power
making jack 382
start making power
start writing power
making jack 383
start making power
start writing power
making jack 384
start making power
start writing power
making jack 385
start making power
start writing power
making jack 386
start making power
start writing power
making jack 387
start making power
start writing power
making jack 388
start making power
start writing power
making jack 389
start making power
start writing power
making jack 390
start making power
start writing power
making jack 391
start making power
start writing power
making jack 392
start making power
start writing power
making jack 393
start making power
start writing power
making jack 394
start making power
start writing power
making jack 395
start making power
start writing power
making jack 396
start making power
start writing power
making jack 397
start making power
start writing power
making jack 398
start making power
start writing power
making jack 399
start making power
start writing power
making jack 400
start making power
start writing power
making jack 401
start making power
start writing power
making jack 402
start making power
start writing power
making jack 403
start making power
start writing power
making jack 404
start making power
start writing power
making jack 405
start making power
start writing power
making jack 406
start making power
start writing power
making jack 407
start making power
start writing power
making jack 408
start making power
start writing power
making jack 409
start making power
start writing power
making jack 410
start making power
start writing power
making jack 411
start making power
start writing power
making jack 412
start making power
start writing power
making jack 413
start making power
start writing power
making jack 414
start making power
start writing power
making jack 415
start making power
start writing power
making jack 416
start making power
start writing power
making jack 417
start making power
start writing power
making jack 418
start making power
start writing power
making jack 419
start making power
start writing power
making jack 420
start making power
start writing power
making jack 421
start making power
start writing power
making jack 422
start making power
start writing power
making jack 423
start making power
start writing power
making jack 424
start making power
start writing power
making jack 425
start making power
start writing power
making jack 426
start making power
start writing power
making jack 427
start making power
start writing power
making jack 428
start making power
start writing power
making jack 429
start making power
start writing power
making jack 430
start making power
start writing power
making jack 431
start making power
start writing power
making jack 432
start making power
start writing power
making jack 433
start making power
start writing power
making jack 434
start making power
start writing power
making jack 435
start making power
start writing power
making jack 436
start making power
start writing power
making jack 437
start making power
start writing power
making jack 438
start making power
start writing power
making jack 439
start making power
start writing power
making jack 440
start making power
start writing power
making jack 441
start making power
start writing power
making jack 442
start making power
start writing power
making jack 443
start making power
start writing power
making jack 444
start making power
start writing power
making jack 445
start making power
start writing power
making jack 446
start making power
start writing power
making jack 447
start making power
start writing power
making jack 448
start making power
start writing power
making jack 449
start making power
start writing power
making jack 450
start making power
start writing power
making jack 451
start making power
start writing power
making jack 452
start making power
start writing power
making jack 453
start making power
start writing power
making jack 454
start making power
start writing power
making jack 455
start making power
start writing power
making jack 456
start making power
start writing power
making jack 457
start making power
start writing power
making jack 458
start making power
start writing power
making jack 459
start making power
start writing power
making jack 460
start making power
start writing power
making jack 461
start making power
start writing power
making jack 462
start making power
start writing power
making jack 463
start making power
start writing power
making jack 464
start making power
start writing power
making jack 465
start making power
start writing power
making jack 466
start making power
start writing power
making jack 467
start making power
start writing power
making jack 468
start making power
start writing power
making jack 469
start making power
start writing power
making jack 470
start making power
start writing power
making jack 471
start making power
start writing power
making jack 472
start making power
start writing power
making jack 473
start making power
start writing power
making jack 474
start making power
start writing power
making jack 475
start making power
start writing power
making jack 476
start making power
start writing power
making jack 477
start making power
start writing power
making jack 478
start making power
start writing power
making jack 479
start making power
start writing power
making jack 480
start making power
start writing power
making jack 481
start making power
start writing power
making jack 482
start making power
start writing power
making jack 483
start making power
start writing power
making jack 484
start making power
start writing power
making jack 485
start making power
start writing power
making jack 486
start making power
start writing power
making jack 487
start making power
start writing power
making jack 488
