start
preparing nbodykit
done with preparing nbodykit
making jack 0
jack 0 already exists
making jack 1
jack 1 already exists
making jack 2
jack 2 already exists
making jack 3
jack 3 already exists
making jack 4
jack 4 already exists
making jack 5
jack 5 already exists
making jack 6
jack 6 already exists
making jack 7
jack 7 already exists
making jack 8
jack 8 already exists
making jack 9
jack 9 already exists
making jack 10
jack 10 already exists
making jack 11
jack 11 already exists
making jack 12
jack 12 already exists
making jack 13
jack 13 already exists
making jack 14
jack 14 already exists
making jack 15
jack 15 already exists
making jack 16
jack 16 already exists
making jack 17
jack 17 already exists
making jack 18
jack 18 already exists
making jack 19
jack 19 already exists
making jack 20
jack 20 already exists
making jack 21
jack 21 already exists
making jack 22
jack 22 already exists
making jack 23
jack 23 already exists
making jack 24
jack 24 already exists
making jack 25
jack 25 already exists
making jack 26
jack 26 already exists
making jack 27
jack 27 already exists
making jack 28
start making power
start writing power
making jack 29
start making power
start writing power
making jack 30
start making power
start writing power
making jack 31
start making power
start writing power
making jack 32
start making power
start writing power
making jack 33
start making power
start writing power
making jack 34
start making power
start writing power
making jack 35
start making power
start writing power
making jack 36
start making power
start writing power
making jack 37
start making power
start writing power
making jack 38
start making power
start writing power
making jack 39
start making power
start writing power
making jack 40
start making power
start writing power
making jack 41
start making power
start writing power
making jack 42
start making power
start writing power
making jack 43
start making power
start writing power
making jack 44
start making power
start writing power
making jack 45
start making power
start writing power
making jack 46
start making power
start writing power
making jack 47
start making power
start writing power
making jack 48
start making power
start writing power
making jack 49
start making power
start writing power
making jack 50
start making power
start writing power
making jack 51
start making power
start writing power
making jack 52
start making power
start writing power
making jack 53
start making power
start writing power
making jack 54
start making power
start writing power
making jack 55
start making power
start writing power
making jack 56
start making power
start writing power
making jack 57
start making power
start writing power
making jack 58
start making power
start writing power
making jack 59
start making power
start writing power
making jack 60
start making power
start writing power
making jack 61
start making power
start writing power
making jack 62
start making power
start writing power
making jack 63
start making power
start writing power
making jack 64
start making power
start writing power
making jack 65
start making power
start writing power
making jack 66
start making power
start writing power
making jack 67
start making power
start writing power
making jack 68
start making power
start writing power
making jack 69
start making power
start writing power
making jack 70
start making power
start writing power
making jack 71
start making power
start writing power
making jack 72
start making power
start writing power
making jack 73
start making power
start writing power
making jack 74
start making power
start writing power
making jack 75
start making power
start writing power
making jack 76
start making power
start writing power
making jack 77
start making power
start writing power
making jack 78
start making power
start writing power
making jack 79
start making power
start writing power
making jack 80
start making power
start writing power
making jack 81
start making power
start writing power
making jack 82
start making power
start writing power
making jack 83
start making power
start writing power
making jack 84
start making power
start writing power
making jack 85
start making power
start writing power
making jack 86
start making power
start writing power
making jack 87
start making power
start writing power
making jack 88
start making power
start writing power
making jack 89
start making power
start writing power
making jack 90
start making power
start writing power
making jack 91
start making power
start writing power
making jack 92
start making power
start writing power
making jack 93
start making power
start writing power
making jack 94
start making power
start writing power
making jack 95
start making power
start writing power
making jack 96
start making power
start writing power
making jack 97
start making power
start writing power
making jack 98
start making power
start writing power
making jack 99
start making power
start writing power
making jack 100
start making power
start writing power
making jack 101
start making power
start writing power
making jack 102
start making power
start writing power
making jack 103
start making power
start writing power
making jack 104
start making power
start writing power
making jack 105
start making power
start writing power
making jack 106
start making power
start writing power
making jack 107
start making power
start writing power
making jack 108
start making power
start writing power
making jack 109
start making power
start writing power
making jack 110
start making power
start writing power
making jack 111
start making power
start writing power
making jack 112
start making power
start writing power
making jack 113
start making power
start writing power
making jack 114
start making power
start writing power
making jack 115
start making power
start writing power
making jack 116
start making power
start writing power
making jack 117
start making power
start writing power
making jack 118
start making power
start writing power
making jack 119
start making power
start writing power
making jack 120
start making power
start writing power
making jack 121
start making power
start writing power
making jack 122
start making power
start writing power
making jack 123
start making power
start writing power
making jack 124
start making power
start writing power
